2024-11-14 22:43:05,971 [Worker-1: Loading available Gradle versions] INFO  o.e.b.c.i.u.g.PublishedGradleVersions - Gradle version information cache is up-to-date. Trying to read.
2024-11-14 22:57:03,651 [Worker-2: Launching mavenrun-b3840fcb-db51-47f2-833f-e6309454dda5] INFO  o.eclipse.m2e.core.internal.Bundles - getClasspathEntries(Bundle=org.eclipse.m2e.maven.runtime_3.9.900.20240824-1409 [299])
2024-11-14 22:57:03,655 [Worker-2: Launching mavenrun-b3840fcb-db51-47f2-833f-e6309454dda5] INFO  o.eclipse.m2e.core.internal.Bundles - 	Entry: C:\Users\pranav rao\.p2\pool\plugins\org.eclipse.m2e.maven.runtime_3.9.900.20240824-1409
2024-11-14 22:57:03,655 [Worker-2: Launching mavenrun-b3840fcb-db51-47f2-833f-e6309454dda5] INFO  o.eclipse.m2e.core.internal.Bundles - 	Entry: C:\Users\pranav rao\.p2\pool\plugins\org.eclipse.m2e.maven.runtime_3.9.900.20240824-1409\jars\aopalliance-1.0.jar
2024-11-14 22:57:03,655 [Worker-2: Launching mavenrun-b3840fcb-db51-47f2-833f-e6309454dda5] INFO  o.eclipse.m2e.core.internal.Bundles - 	Entry: C:\Users\pranav rao\.p2\pool\plugins\org.eclipse.m2e.maven.runtime_3.9.900.20240824-1409\jars\guice-5.1.0.jar
2024-11-14 22:57:03,655 [Worker-2: Launching mavenrun-b3840fcb-db51-47f2-833f-e6309454dda5] INFO  o.eclipse.m2e.core.internal.Bundles - 	Entry: C:\Users\pranav rao\.p2\pool\plugins\org.eclipse.m2e.maven.runtime_3.9.900.20240824-1409\jars\httpclient-4.5.14.jar
2024-11-14 22:57:03,656 [Worker-2: Launching mavenrun-b3840fcb-db51-47f2-833f-e6309454dda5] INFO  o.eclipse.m2e.core.internal.Bundles - 	Entry: C:\Users\pranav rao\.p2\pool\plugins\org.eclipse.m2e.maven.runtime_3.9.900.20240824-1409\jars\httpcore-4.4.16.jar
2024-11-14 22:57:03,656 [Worker-2: Launching mavenrun-b3840fcb-db51-47f2-833f-e6309454dda5] INFO  o.eclipse.m2e.core.internal.Bundles - 	Entry: C:\Users\pranav rao\.p2\pool\plugins\org.eclipse.m2e.maven.runtime_3.9.900.20240824-1409\jars\jansi-2.4.1.jar
2024-11-14 22:57:03,656 [Worker-2: Launching mavenrun-b3840fcb-db51-47f2-833f-e6309454dda5] INFO  o.eclipse.m2e.core.internal.Bundles - 	Entry: C:\Users\pranav rao\.p2\pool\plugins\org.eclipse.m2e.maven.runtime_3.9.900.20240824-1409\jars\jcl-over-slf4j-1.7.36.jar
2024-11-14 22:57:03,656 [Worker-2: Launching mavenrun-b3840fcb-db51-47f2-833f-e6309454dda5] INFO  o.eclipse.m2e.core.internal.Bundles - 	Entry: C:\Users\pranav rao\.p2\pool\plugins\org.eclipse.m2e.maven.runtime_3.9.900.20240824-1409\jars\maven-artifact-3.9.9.jar
2024-11-14 22:57:03,656 [Worker-2: Launching mavenrun-b3840fcb-db51-47f2-833f-e6309454dda5] INFO  o.eclipse.m2e.core.internal.Bundles - 	Entry: C:\Users\pranav rao\.p2\pool\plugins\org.eclipse.m2e.maven.runtime_3.9.900.20240824-1409\jars\maven-builder-support-3.9.9.jar
2024-11-14 22:57:03,656 [Worker-2: Launching mavenrun-b3840fcb-db51-47f2-833f-e6309454dda5] INFO  o.eclipse.m2e.core.internal.Bundles - 	Entry: C:\Users\pranav rao\.p2\pool\plugins\org.eclipse.m2e.maven.runtime_3.9.900.20240824-1409\jars\maven-compat-3.9.9.jar
2024-11-14 22:57:03,656 [Worker-2: Launching mavenrun-b3840fcb-db51-47f2-833f-e6309454dda5] INFO  o.eclipse.m2e.core.internal.Bundles - 	Entry: C:\Users\pranav rao\.p2\pool\plugins\org.eclipse.m2e.maven.runtime_3.9.900.20240824-1409\jars\maven-core-3.9.9.jar
2024-11-14 22:57:03,656 [Worker-2: Launching mavenrun-b3840fcb-db51-47f2-833f-e6309454dda5] INFO  o.eclipse.m2e.core.internal.Bundles - 	Entry: C:\Users\pranav rao\.p2\pool\plugins\org.eclipse.m2e.maven.runtime_3.9.900.20240824-1409\jars\maven-embedder-3.9.9.jar
2024-11-14 22:57:03,657 [Worker-2: Launching mavenrun-b3840fcb-db51-47f2-833f-e6309454dda5] INFO  o.eclipse.m2e.core.internal.Bundles - 	Entry: C:\Users\pranav rao\.p2\pool\plugins\org.eclipse.m2e.maven.runtime_3.9.900.20240824-1409\jars\maven-model-3.9.9.jar
2024-11-14 22:57:03,657 [Worker-2: Launching mavenrun-b3840fcb-db51-47f2-833f-e6309454dda5] INFO  o.eclipse.m2e.core.internal.Bundles - 	Entry: C:\Users\pranav rao\.p2\pool\plugins\org.eclipse.m2e.maven.runtime_3.9.900.20240824-1409\jars\maven-model-builder-3.9.9.jar
2024-11-14 22:57:03,657 [Worker-2: Launching mavenrun-b3840fcb-db51-47f2-833f-e6309454dda5] INFO  o.eclipse.m2e.core.internal.Bundles - 	Entry: C:\Users\pranav rao\.p2\pool\plugins\org.eclipse.m2e.maven.runtime_3.9.900.20240824-1409\jars\maven-plugin-api-3.9.9.jar
2024-11-14 22:57:03,657 [Worker-2: Launching mavenrun-b3840fcb-db51-47f2-833f-e6309454dda5] INFO  o.eclipse.m2e.core.internal.Bundles - 	Entry: C:\Users\pranav rao\.p2\pool\plugins\org.eclipse.m2e.maven.runtime_3.9.900.20240824-1409\jars\maven-repository-metadata-3.9.9.jar
2024-11-14 22:57:03,657 [Worker-2: Launching mavenrun-b3840fcb-db51-47f2-833f-e6309454dda5] INFO  o.eclipse.m2e.core.internal.Bundles - 	Entry: C:\Users\pranav rao\.p2\pool\plugins\org.eclipse.m2e.maven.runtime_3.9.900.20240824-1409\jars\maven-resolver-api-1.9.22.jar
2024-11-14 22:57:03,657 [Worker-2: Launching mavenrun-b3840fcb-db51-47f2-833f-e6309454dda5] INFO  o.eclipse.m2e.core.internal.Bundles - 	Entry: C:\Users\pranav rao\.p2\pool\plugins\org.eclipse.m2e.maven.runtime_3.9.900.20240824-1409\jars\maven-resolver-connector-basic-1.9.22.jar
2024-11-14 22:57:03,657 [Worker-2: Launching mavenrun-b3840fcb-db51-47f2-833f-e6309454dda5] INFO  o.eclipse.m2e.core.internal.Bundles - 	Entry: C:\Users\pranav rao\.p2\pool\plugins\org.eclipse.m2e.maven.runtime_3.9.900.20240824-1409\jars\maven-resolver-impl-1.9.22.jar
2024-11-14 22:57:03,657 [Worker-2: Launching mavenrun-b3840fcb-db51-47f2-833f-e6309454dda5] INFO  o.eclipse.m2e.core.internal.Bundles - 	Entry: C:\Users\pranav rao\.p2\pool\plugins\org.eclipse.m2e.maven.runtime_3.9.900.20240824-1409\jars\maven-resolver-named-locks-1.9.22.jar
2024-11-14 22:57:03,658 [Worker-2: Launching mavenrun-b3840fcb-db51-47f2-833f-e6309454dda5] INFO  o.eclipse.m2e.core.internal.Bundles - 	Entry: C:\Users\pranav rao\.p2\pool\plugins\org.eclipse.m2e.maven.runtime_3.9.900.20240824-1409\jars\maven-resolver-provider-3.9.9.jar
2024-11-14 22:57:03,658 [Worker-2: Launching mavenrun-b3840fcb-db51-47f2-833f-e6309454dda5] INFO  o.eclipse.m2e.core.internal.Bundles - 	Entry: C:\Users\pranav rao\.p2\pool\plugins\org.eclipse.m2e.maven.runtime_3.9.900.20240824-1409\jars\maven-resolver-spi-1.9.22.jar
2024-11-14 22:57:03,658 [Worker-2: Launching mavenrun-b3840fcb-db51-47f2-833f-e6309454dda5] INFO  o.eclipse.m2e.core.internal.Bundles - 	Entry: C:\Users\pranav rao\.p2\pool\plugins\org.eclipse.m2e.maven.runtime_3.9.900.20240824-1409\jars\maven-resolver-transport-file-1.9.22.jar
2024-11-14 22:57:03,658 [Worker-2: Launching mavenrun-b3840fcb-db51-47f2-833f-e6309454dda5] INFO  o.eclipse.m2e.core.internal.Bundles - 	Entry: C:\Users\pranav rao\.p2\pool\plugins\org.eclipse.m2e.maven.runtime_3.9.900.20240824-1409\jars\maven-resolver-transport-http-1.9.22.jar
2024-11-14 22:57:03,658 [Worker-2: Launching mavenrun-b3840fcb-db51-47f2-833f-e6309454dda5] INFO  o.eclipse.m2e.core.internal.Bundles - 	Entry: C:\Users\pranav rao\.p2\pool\plugins\org.eclipse.m2e.maven.runtime_3.9.900.20240824-1409\jars\maven-resolver-transport-wagon-1.9.22.jar
2024-11-14 22:57:03,658 [Worker-2: Launching mavenrun-b3840fcb-db51-47f2-833f-e6309454dda5] INFO  o.eclipse.m2e.core.internal.Bundles - 	Entry: C:\Users\pranav rao\.p2\pool\plugins\org.eclipse.m2e.maven.runtime_3.9.900.20240824-1409\jars\maven-resolver-util-1.9.22.jar
2024-11-14 22:57:03,658 [Worker-2: Launching mavenrun-b3840fcb-db51-47f2-833f-e6309454dda5] INFO  o.eclipse.m2e.core.internal.Bundles - 	Entry: C:\Users\pranav rao\.p2\pool\plugins\org.eclipse.m2e.maven.runtime_3.9.900.20240824-1409\jars\maven-settings-3.9.9.jar
2024-11-14 22:57:03,658 [Worker-2: Launching mavenrun-b3840fcb-db51-47f2-833f-e6309454dda5] INFO  o.eclipse.m2e.core.internal.Bundles - 	Entry: C:\Users\pranav rao\.p2\pool\plugins\org.eclipse.m2e.maven.runtime_3.9.900.20240824-1409\jars\maven-settings-builder-3.9.9.jar
2024-11-14 22:57:03,658 [Worker-2: Launching mavenrun-b3840fcb-db51-47f2-833f-e6309454dda5] INFO  o.eclipse.m2e.core.internal.Bundles - 	Entry: C:\Users\pranav rao\.p2\pool\plugins\org.eclipse.m2e.maven.runtime_3.9.900.20240824-1409\jars\maven-shared-utils-3.4.2.jar
2024-11-14 22:57:03,658 [Worker-2: Launching mavenrun-b3840fcb-db51-47f2-833f-e6309454dda5] INFO  o.eclipse.m2e.core.internal.Bundles - 	Entry: C:\Users\pranav rao\.p2\pool\plugins\org.eclipse.m2e.maven.runtime_3.9.900.20240824-1409\jars\org.eclipse.sisu.inject-0.9.0.M3.jar
2024-11-14 22:57:03,659 [Worker-2: Launching mavenrun-b3840fcb-db51-47f2-833f-e6309454dda5] INFO  o.eclipse.m2e.core.internal.Bundles - 	Entry: C:\Users\pranav rao\.p2\pool\plugins\org.eclipse.m2e.maven.runtime_3.9.900.20240824-1409\jars\org.eclipse.sisu.plexus-0.9.0.M3.jar
2024-11-14 22:57:03,659 [Worker-2: Launching mavenrun-b3840fcb-db51-47f2-833f-e6309454dda5] INFO  o.eclipse.m2e.core.internal.Bundles - 	Entry: C:\Users\pranav rao\.p2\pool\plugins\org.eclipse.m2e.maven.runtime_3.9.900.20240824-1409\jars\plexus-build-api-0.0.7.jar
2024-11-14 22:57:03,659 [Worker-2: Launching mavenrun-b3840fcb-db51-47f2-833f-e6309454dda5] INFO  o.eclipse.m2e.core.internal.Bundles - 	Entry: C:\Users\pranav rao\.p2\pool\plugins\org.eclipse.m2e.maven.runtime_3.9.900.20240824-1409\jars\plexus-build-api-1.2.0.jar
2024-11-14 22:57:03,659 [Worker-2: Launching mavenrun-b3840fcb-db51-47f2-833f-e6309454dda5] INFO  o.eclipse.m2e.core.internal.Bundles - 	Entry: C:\Users\pranav rao\.p2\pool\plugins\org.eclipse.m2e.maven.runtime_3.9.900.20240824-1409\jars\plexus-cipher-2.0.jar
2024-11-14 22:57:03,659 [Worker-2: Launching mavenrun-b3840fcb-db51-47f2-833f-e6309454dda5] INFO  o.eclipse.m2e.core.internal.Bundles - 	Entry: C:\Users\pranav rao\.p2\pool\plugins\org.eclipse.m2e.maven.runtime_3.9.900.20240824-1409\jars\plexus-classworlds-2.8.0.jar
2024-11-14 22:57:03,659 [Worker-2: Launching mavenrun-b3840fcb-db51-47f2-833f-e6309454dda5] INFO  o.eclipse.m2e.core.internal.Bundles - 	Entry: C:\Users\pranav rao\.p2\pool\plugins\org.eclipse.m2e.maven.runtime_3.9.900.20240824-1409\jars\plexus-component-annotations-2.1.0.jar
2024-11-14 22:57:03,659 [Worker-2: Launching mavenrun-b3840fcb-db51-47f2-833f-e6309454dda5] INFO  o.eclipse.m2e.core.internal.Bundles - 	Entry: C:\Users\pranav rao\.p2\pool\plugins\org.eclipse.m2e.maven.runtime_3.9.900.20240824-1409\jars\plexus-interpolation-1.27.jar
2024-11-14 22:57:03,659 [Worker-2: Launching mavenrun-b3840fcb-db51-47f2-833f-e6309454dda5] INFO  o.eclipse.m2e.core.internal.Bundles - 	Entry: C:\Users\pranav rao\.p2\pool\plugins\org.eclipse.m2e.maven.runtime_3.9.900.20240824-1409\jars\plexus-sec-dispatcher-2.0.jar
2024-11-14 22:57:03,659 [Worker-2: Launching mavenrun-b3840fcb-db51-47f2-833f-e6309454dda5] INFO  o.eclipse.m2e.core.internal.Bundles - 	Entry: C:\Users\pranav rao\.p2\pool\plugins\org.eclipse.m2e.maven.runtime_3.9.900.20240824-1409\jars\plexus-utils-3.5.1.jar
2024-11-14 22:57:03,659 [Worker-2: Launching mavenrun-b3840fcb-db51-47f2-833f-e6309454dda5] INFO  o.eclipse.m2e.core.internal.Bundles - 	Entry: C:\Users\pranav rao\.p2\pool\plugins\org.eclipse.m2e.maven.runtime_3.9.900.20240824-1409\jars\plexus-xml-3.0.1.jar
2024-11-14 22:57:03,660 [Worker-2: Launching mavenrun-b3840fcb-db51-47f2-833f-e6309454dda5] INFO  o.eclipse.m2e.core.internal.Bundles - 	Entry: C:\Users\pranav rao\.p2\pool\plugins\org.eclipse.m2e.maven.runtime_3.9.900.20240824-1409\jars\wagon-file-3.5.3.jar
2024-11-14 22:57:03,660 [Worker-2: Launching mavenrun-b3840fcb-db51-47f2-833f-e6309454dda5] INFO  o.eclipse.m2e.core.internal.Bundles - 	Entry: C:\Users\pranav rao\.p2\pool\plugins\org.eclipse.m2e.maven.runtime_3.9.900.20240824-1409\jars\wagon-http-3.5.3.jar
2024-11-14 22:57:03,660 [Worker-2: Launching mavenrun-b3840fcb-db51-47f2-833f-e6309454dda5] INFO  o.eclipse.m2e.core.internal.Bundles - 	Entry: C:\Users\pranav rao\.p2\pool\plugins\org.eclipse.m2e.maven.runtime_3.9.900.20240824-1409\jars\wagon-http-shared-3.5.3.jar
2024-11-14 22:57:03,660 [Worker-2: Launching mavenrun-b3840fcb-db51-47f2-833f-e6309454dda5] INFO  o.eclipse.m2e.core.internal.Bundles - 	Entry: C:\Users\pranav rao\.p2\pool\plugins\org.eclipse.m2e.maven.runtime_3.9.900.20240824-1409\jars\wagon-provider-api-3.5.3.jar
2024-11-14 22:57:03,663 [Worker-2: Launching mavenrun-b3840fcb-db51-47f2-833f-e6309454dda5] INFO  o.eclipse.m2e.core.internal.Bundles - getClasspathEntries(Bundle=com.google.guava_33.3.0.jre [10])
2024-11-14 22:57:03,663 [Worker-2: Launching mavenrun-b3840fcb-db51-47f2-833f-e6309454dda5] INFO  o.eclipse.m2e.core.internal.Bundles - 	Entry: C:\Users\pranav rao\.p2\pool\plugins\com.google.guava_33.3.0.jre.jar
2024-11-14 22:57:03,663 [Worker-2: Launching mavenrun-b3840fcb-db51-47f2-833f-e6309454dda5] INFO  o.eclipse.m2e.core.internal.Bundles - getClasspathEntries(Bundle=slf4j.api_2.0.16 [521])
2024-11-14 22:57:03,664 [Worker-2: Launching mavenrun-b3840fcb-db51-47f2-833f-e6309454dda5] INFO  o.eclipse.m2e.core.internal.Bundles - 	Entry: C:\Users\pranav rao\.p2\pool\plugins\slf4j.api_2.0.16.jar
2024-11-14 22:57:03,664 [Worker-2: Launching mavenrun-b3840fcb-db51-47f2-833f-e6309454dda5] INFO  o.eclipse.m2e.core.internal.Bundles - getClasspathEntries(Bundle=jakarta.inject.jakarta.inject-api_1.0.5 [22])
2024-11-14 22:57:03,664 [Worker-2: Launching mavenrun-b3840fcb-db51-47f2-833f-e6309454dda5] INFO  o.eclipse.m2e.core.internal.Bundles - 	Entry: C:\Users\pranav rao\.p2\pool\plugins\jakarta.inject.jakarta.inject-api_1.0.5.jar
2024-11-14 22:57:03,664 [Worker-2: Launching mavenrun-b3840fcb-db51-47f2-833f-e6309454dda5] INFO  o.eclipse.m2e.core.internal.Bundles - getClasspathEntries(Bundle=jakarta.annotation-api_1.3.5 [20])
2024-11-14 22:57:03,664 [Worker-2: Launching mavenrun-b3840fcb-db51-47f2-833f-e6309454dda5] INFO  o.eclipse.m2e.core.internal.Bundles - 	Entry: C:\Users\pranav rao\.p2\pool\plugins\jakarta.annotation-api_1.3.5.jar
2024-11-14 22:57:03,664 [Worker-2: Launching mavenrun-b3840fcb-db51-47f2-833f-e6309454dda5] INFO  o.eclipse.m2e.core.internal.Bundles - getClasspathEntries(Bundle=org.apache.commons.cli_1.9.0 [47])
2024-11-14 22:57:03,665 [Worker-2: Launching mavenrun-b3840fcb-db51-47f2-833f-e6309454dda5] INFO  o.eclipse.m2e.core.internal.Bundles - 	Entry: C:\Users\pranav rao\.p2\pool\plugins\org.apache.commons.cli_1.9.0.jar
2024-11-14 22:57:03,665 [Worker-2: Launching mavenrun-b3840fcb-db51-47f2-833f-e6309454dda5] INFO  o.eclipse.m2e.core.internal.Bundles - getClasspathEntries(Bundle=org.apache.commons.commons-codec_1.16.0 [50])
2024-11-14 22:57:03,665 [Worker-2: Launching mavenrun-b3840fcb-db51-47f2-833f-e6309454dda5] INFO  o.eclipse.m2e.core.internal.Bundles - 	Entry: C:\Users\pranav rao\.p2\pool\plugins\org.apache.commons.commons-codec_1.16.0.jar
2024-11-14 22:57:03,665 [Worker-2: Launching mavenrun-b3840fcb-db51-47f2-833f-e6309454dda5] INFO  o.eclipse.m2e.core.internal.Bundles - getClasspathEntries(Bundle=com.google.guava.failureaccess_1.0.2 [11])
2024-11-14 22:57:03,665 [Worker-2: Launching mavenrun-b3840fcb-db51-47f2-833f-e6309454dda5] INFO  o.eclipse.m2e.core.internal.Bundles - 	Entry: C:\Users\pranav rao\.p2\pool\plugins\com.google.guava.failureaccess_1.0.2.jar
2024-11-14 22:57:03,670 [Worker-2: Launching mavenrun-b3840fcb-db51-47f2-833f-e6309454dda5] INFO  o.e.m.i.launch.MavenLaunchDelegate - Run build in "C:\Users\PRANAV~1\AppData\Local\Temp\m2e-archetypeGenerator1350508174319546809":
2024-11-14 22:57:03,675 [Worker-2: Launching mavenrun-b3840fcb-db51-47f2-833f-e6309454dda5] INFO  o.e.m.i.launch.MavenLaunchDelegate -  mvn  -DjavaCompilerVersion=17 -DjunitVersion=5.11.0 -DarchetypeGroupId=org.apache.maven.archetypes -DarchetypeArtifactId=maven-archetype-quickstart -DarchetypeVersion=1.5 -DgroupId=SEGroup -DartifactId=MavenJavaproject -Dversion=0.0.1-SNAPSHOT -Dpackage=SEGroup.MavenJavaproject -DoutputDirectory="C:\Users\pranav rao\eclipse-workspace\project3" -Dstyle.color=always -U archetype:generate
